Arguments: 
  /usr/local/bin/node /usr/local/Cellar/yarn/1.22.18/libexec/bin/yarn.js add -D vuepress

PATH: 
  /Users/geekercai/opt/anaconda3/bin:/Users/geekercai/.npm-global/bin:/usr/local/bin:/usr/bin:/bin:/usr/sbin:/sbin:/usr/local/lib/python3.8/site-packages

Yarn version: 
  1.22.18

Node version: 
  12.19.0

Platform: 
  darwin x64

Trace: 
  Error: Client network socket disconnected before secure TLS connection was established
      at connResetException (internal/errors.js:609:14)
      at TLSSocket.onConnectEnd (_tls_wrap.js:1547:19)
      at Object.onceWrapper (events.js:420:28)
      at TLSSocket.emit (events.js:326:22)
      at endReadableNT (_stream_readable.js:1223:12)
      at processTicksAndRejections (internal/process/task_queues.js:84:21)

npm manifest: 
  {
    "name": "knowledgeBase",
    "version": "1.0.0",
    "description": "YUNA knowledgeBase - VuePress build",
    "main": "index.js",
    "repository": "https://github.com/yuna2017/knowledgeBase.git",
    "author": "yuna",
    "license": "MIT"
  }

yarn manifest: 
  No manifest

Lockfile: 
  No lockfile
